GROUP,PACKAGE,CLASS,INSTRUCTION_MISSED,INSTRUCTION_COVERED,BRANCH_MISSED,BRANCH_COVERED,LINE_MISSED,LINE_COVERED,COMPLEXITY_MISSED,COMPLEXITY_COVERED,METHOD_MISSED,METHOD_COVERED
Powerunit - Java Testing framework for JDK 1.8 - Extension to support integration with spring.,ch.powerunit.extension.spring.impl,SpringRuleImpl,0,43,2,2,0,13,2,4,0,4
Powerunit - Java Testing framework for JDK 1.8 - Extension to support integration with spring.,ch.powerunit.extension.spring,SpringRule,16,28,0,0,3,5,3,2,3,2
